<?xml version="1.0" encoding="UTF-8"?>
<!-- Generated by org.testng.reporters.JUnitReportReporter -->
<testsuite hostname="DESKTOP-M1I9C7U" failures="0" tests="1" name="tc901.NewTestTest" time="8.718" errors="0" timestamp="2023-04-05T00:48:48 IST" skipped="0">
  <testcase classname="tc901.NewTestTest" name="f" time="8.718"/>
  <system-out/>
</testsuite> <!-- tc901.NewTestTest -->
