<?xml version="1.0" encoding="UTF-8"?>
<!-- Generated by org.testng.reporters.JUnitReportReporter -->
<testsuite hostname="DESKTOP-M1I9C7U" failures="0" tests="1" name="tc901.Testcase010" time="8.407" errors="0" timestamp="2023-04-05T01:33:56 IST" skipped="0">
  <testcase classname="tc901.Testcase010" name="f" time="8.407"/>
  <system-out/>
</testsuite> <!-- tc901.Testcase010 -->
