<?xml version="1.0" encoding="UTF-8"?>
<!-- Generated by org.testng.reporters.JUnitReportReporter -->
<testsuite hostname="DESKTOP-M1I9C7U" failures="0" tests="1" name="ntc01" time="0.020" errors="0" timestamp="2023-04-05T02:32:18 IST" skipped="0">
  <testcase classname="ntc01" name="f" time="0.020"/>
  <system-out/>
</testsuite> <!-- ntc01 -->
