<?xml version="1.0" encoding="UTF-8"?>
<!-- Generated by org.testng.reporters.JUnitReportReporter -->
<testsuite hostname="DESKTOP-M1I9C7U" failures="0" tests="1" name="ntc101" time="0.007" errors="0" timestamp="2023-04-07T12:50:07 IST" skipped="0">
  <testcase classname="ntc101" name="f" time="0.007"/>
  <system-out/>
</testsuite> <!-- ntc101 -->
